  Assembling Main.asm...
Main.asm(1): error A2008: syntax error : .
Main.asm(3): error A2008: syntax error : .
\masm32\include\windows.inc(9750): error A2008: syntax error : dword
\masm32\include\windows.inc(10183): error A2008: syntax error : frame
\masm32\include\windows.inc(16333): error A2008: syntax error : dword
\masm32\include\windows.inc(18862): error A2008: syntax error : Frame
\masm32\include\winextra.inc(11052): error A2026: constant expected
\masm32\include\winextra.inc(11053): error A2026: constant expected
\masm32\include\masm32.inc(36): error A2008: syntax error : fpin
\masm32\include\masm32.inc(37): error A2008: syntax error : fpin
\masm32\include\masm32.inc(38): error A2008: syntax error : szIn
\masm32\include\masm32rt.inc(32): error A2008: syntax error : .
\masm32\include\masm32rt.inc(33): error A2008: syntax error : .
\masm32\macros\macros.asm(2704): error A2044: invalid character in file
\masm32\macros\macros.asm(2706): error A2044: invalid character in file
\masm32\macros\macros.asm(2853): error A2044: invalid character in file
\masm32\macros\macros.asm(2857): error A2044: invalid character in file
\masm32\macros\macros.asm(2872): error A2044: invalid character in file
\masm32\macros\macros.asm(2876): error A2044: invalid character in file
Main.asm(42): error A2008: syntax error : INVOKE
Main.asm(43): error A2008: syntax error : INVOKE
Main.asm(47): error A2008: syntax error : CreateFileA
Main.asm(48): error A2008: syntax error : SetFilePointer
Main.asm(62): error A2008: syntax error : invoke
Main.asm(66): error A2008: syntax error : CreateFileA
Main.asm(68): error A2008: syntax error : INVOKE
Main.asm(69): error A2008: syntax error : INVOKE
Main.asm(71): error A2008: syntax error : CloseHandle
Main.asm(81): error A2008: syntax error : INVOKE
Main.asm(86): error A2008: syntax error : GetTimeFormatA
Main.asm(88): error A2008: syntax error : INVOKE
Main.asm(97): error A2008: syntax error : invoke
Main.asm(98): warning A6001: no return from procedure
Main.asm(110): error A2008: syntax error : CreateFileA
Main.asm(112): error A2008: syntax error : INVOKE
Main.asm(113): error A2008: syntax error : INVOKE
Main.asm(115): error A2008: syntax error : CloseHandle
Main.asm(131): error A2008: syntax error : ReadFile
Main.asm(140): error A2008: syntax error : program
Main.asm(141): error A2088: END directive required at end of file
Main.asm(98): warning A6004: procedure argument or local not referenced : systime
D:\Program Files (x86)\Microsoft Visual Studio\IDE\Common7\IDE\VC\VCTargets\BuildCustomizations\masm.targets(69,5): error MSB3721: El comando "ml64.exe /c /nologo /Zi /Fo"x64\Debug\Main.obj" /W3 /errorReport:prompt  /TaMain.asm" salió con el código 1.
